# Generated by the VisualDSP++ IDDE (Fri Feb 27 09:18:30 2015)
# Project File: U:\My Documents\EXJOBB\DSP\DSP\speechrecognition.dpj

"C:\Program Files (x86)\Analog Devices\VisualDSP 5.1\cc21k.exe" -c .\buffer.c -file-attr ProjectName=speechrecognition -g -structs-do-not-overlap -no-multiline -double-size-32 -warn-protos -proc ADSP-21262 -o .\Debug\buffer.doj -MM
".\buffer.c", line 32: cc1080: {D} warning: Function does not have a full
          prototype
  memcpy(blocks, *buffer, length*BLOCK_LENGTH );
  ^

"C:\Program Files (x86)\Analog Devices\VisualDSP 5.1\cc21k.exe" -c .\create_subsets.c -file-attr ProjectName=speechrecognition -g -structs-do-not-overlap -no-multiline -double-size-32 -warn-protos -proc ADSP-21262 -o .\Debug\create_subsets.doj -MM
"C:\Program Files (x86)\Analog Devices\VisualDSP 5.1\cc21k.exe" -c .\fft_.c -file-attr ProjectName=speechrecognition -g -structs-do-not-overlap -no-multiline -double-size-32 -warn-protos -proc ADSP-21262 -o .\Debug\fft_.doj -MM
"C:\Program Files (x86)\Analog Devices\VisualDSP 5.1\cc21k.exe" -c .\framework.c -file-attr ProjectName=speechrecognition -g -structs-do-not-overlap -no-multiline -double-size-32 -warn-protos -proc ADSP-21262 -o .\Debug\framework.doj -MM
"C:\Program Files (x86)\Analog Devices\VisualDSP 5.1\cc21k.exe" -c .\getX.c -file-attr ProjectName=speechrecognition -g -structs-do-not-overlap -no-multiline -double-size-32 -warn-protos -proc ADSP-21262 -o .\Debug\getX.doj -MM
"C:\Program Files (x86)\Analog Devices\VisualDSP 5.1\cc21k.exe" -c .\level_detect.c -file-attr ProjectName=speechrecognition -g -structs-do-not-overlap -no-multiline -double-size-32 -warn-protos -proc ADSP-21262 -o .\Debug\level_detect.doj -MM
"C:\Program Files (x86)\Analog Devices\VisualDSP 5.1\cc21k.exe" -c .\Levinson.c -file-attr ProjectName=speechrecognition -g -structs-do-not-overlap -no-multiline -double-size-32 -warn-protos -proc ADSP-21262 -o .\Debug\Levinson.doj -MM
"C:\Program Files (x86)\Analog Devices\VisualDSP 5.1\cc21k.exe" -c .\matching.c -file-attr ProjectName=speechrecognition -g -structs-do-not-overlap -no-multiline -double-size-32 -warn-protos -proc ADSP-21262 -o .\Debug\matching.doj -MM
"C:\Program Files (x86)\Analog Devices\VisualDSP 5.1\cc21k.exe" -c .\pre_emph.c -file-attr ProjectName=speechrecognition -g -structs-do-not-overlap -no-multiline -double-size-32 -warn-protos -proc ADSP-21262 -o .\Debug\pre_emph.doj -MM
"C:\Program Files (x86)\Analog Devices\VisualDSP 5.1\cc21k.exe" -c .\rm_noise.c -file-attr ProjectName=speechrecognition -g -structs-do-not-overlap -no-multiline -double-size-32 -warn-protos -proc ADSP-21262 -o .\Debug\rm_noise.doj -MM
"C:\Program Files (x86)\Analog Devices\VisualDSP 5.1\cc21k.exe" -c .\setup.c -file-attr ProjectName=speechrecognition -g -structs-do-not-overlap -no-multiline -double-size-32 -warn-protos -proc ADSP-21262 -o .\Debug\setup.doj -MM
"C:\Program Files (x86)\Analog Devices\VisualDSP 5.1\cc21k.exe" -c .\speechrecognition.c -file-attr ProjectName=speechrecognition -g -structs-do-not-overlap -no-multiline -double-size-32 -warn-protos -proc ADSP-21262 -o .\Debug\speechrecognition.doj -MM
".\speechrecognition.c", line 90: cc1080: {D} warning: Function does not have
          a full prototype
  int length = get_length(); // get number of elements in buffer
               ^

".\speechrecognition.c", line 96: cc0029:  error: expected an expression
  tempvec = temp[old][];
                      ^

".\speechrecognition.c", line 96: cc0137:  error: expression must be a
          modifiable lvalue
  tempvec = temp[old][];
  ^

2 errors detected in the compilation of ".\speechrecognition.c".
cc3089: fatal error: Compilation failed
Tool failed with exit/exception code: 1.
